
*****************************************************
Summary
-------
Generated at: 2021-12-02T13:23:44-08:00

Notes: 0
Binaries: 0
Archives: 0
Standards: 12

Apache Licensed: 0
Generated Documents: 0

JavaDocs are generated, thus a license header is optional.
Generated files do not require license headers.

0 Unknown Licenses

*****************************************************
  Files with Apache License headers will be marked AL
  Binary files (which do not require any license headers) will be marked B
  Compressed archives will be marked A
  Notices, licenses etc. will be marked N
  SPDX  /Users/kazabdu/S3Repo/src/main/java/AmazonS3Reference.java
  SPDX  /Users/kazabdu/S3Repo/src/main/java/IndependentPlugin.java
  SPDX  /Users/kazabdu/S3Repo/src/main/java/S3BasicCredentials.java
  SPDX  /Users/kazabdu/S3Repo/src/main/java/S3BasicSessionCredentials.java
  SPDX  /Users/kazabdu/S3Repo/src/main/java/S3BlobContainer.java
  SPDX  /Users/kazabdu/S3Repo/src/main/java/S3BlobStore.java
  SPDX  /Users/kazabdu/S3Repo/src/main/java/S3ClientSettings.java
  SPDX  /Users/kazabdu/S3Repo/src/main/java/S3Repository.java
  SPDX  /Users/kazabdu/S3Repo/src/main/java/S3RepositoryPlugin.java
  SPDX  /Users/kazabdu/S3Repo/src/main/java/S3RetryingInputStream.java
  SPDX  /Users/kazabdu/S3Repo/src/main/java/S3Service.java
  SPDX  /Users/kazabdu/S3Repo/src/main/java/SocketAccess.java
 
*****************************************************
